<?xml version="1.0" encoding="UTF-8"?>
<testsuite xmlns:xsi="http://www.w3.org/2001/XMLSchema-instance" xsi:noNamespaceSchemaLocation="https://maven.apache.org/surefire/maven-surefire-plugin/xsd/surefire-test-report-3.0.xsd" version="3.0" name="CreateAnAccountTest" time="16.599" tests="2" errors="0" skipped="1" failures="0">
  <properties>
[...]
</properties>
  <testcase name="RegisterWithValidCredentials" classname="CreateAnAccountTest" time="0.0">
    <skipped message="Test needs try-catch"/>
    <system-err><![CDATA[[main] INFO io.github.bonigarcia.wdm.WebDriverManager - Using chromedriver 116.0.5845.96 (resolved driver for Chrome 116)
[main] INFO io.github.bonigarcia.wdm.WebDriverManager - Exporting webdriver.chrome.driver as C:\Users\bareisha.darya\.cache\selenium\chromedriver\win64\116.0.5845.96\chromedriver.exe
]]></system-err>
  </testcase>
  <testcase name="RegisterWithAllEmptyFields" classname="CreateAnAccountTest" time="14.253">
    <system-err><![CDATA[[main] INFO com.codeborne.selenide.impl.WebDriverThreadLocalContainer - No webdriver is bound to current thread: 1 - let's create a new webdriver
[main] INFO com.codeborne.selenide.impl.FileHelper - Creating folder: C:\Users\bareisha.darya\IdeaProjects\Weather\build\downloads\1693313050831_19056_1
Aug 29, 2023 3:44:10 PM org.openqa.selenium.remote.service.DriverService$Builder getLogOutput
INFO: Driver logs no longer sent to console by default; https://www.selenium.dev/documentation/webdriver/drivers/service/#setting-log-output
[main] INFO com.codeborne.selenide.webdriver.SelenideNettyClientFactory - Changed readTimeout from PT3M to PT1M30S
[main] INFO com.codeborne.selenide.webdriver.SelenideNettyClientFactory - Changed readTimeout from PT3M to PT1M30S
[main] INFO com.codeborne.selenide.webdriver.SelenideNettyClientFactory - Changed readTimeout from PT3M to PT1M30S
Aug 29, 2023 3:44:13 PM org.openqa.selenium.devtools.CdpVersionFinder findNearestMatch
WARNING: Unable to find an exact match for CDP version 116, so returning the closest version found: 114
[main] INFO com.codeborne.selenide.webdriver.WebDriverFactory - BrowserName=chrome Version=116.0.5845.111 Platform=windows
[main] INFO com.codeborne.selenide.webdriver.WebDriverFactory - Selenide v. 6.16.0
[main] INFO com.codeborne.selenide.webdriver.WebDriverFactory - Selenium WebDriver v. 4.10.0 build revision: c14d967899
[main] INFO com.codeborne.selenide.drivercommands.CreateDriverCommand - Created webdriver in thread 1: ChromeDriver -> ChromeDriver: chrome on windows (414e6aac4f31bd3d2836fd0de6c46e15)
[main] INFO com.codeborne.selenide.drivercommands.DisposablesRegistry - Register WebDriverInstance[config=StaticConfig,webDriver=ChromeDriver: chrome on windows (414e6aac4f31bd3d2836fd0de6c46e15),proxy=null,downloadsFolder=C:\Users\bareisha.darya\IdeaProjects\Weather\build\downloads\1693313050831_19056_1] in 1 [size=1]
[main] INFO com.codeborne.selenide.drivercommands.DisposablesRegistry - Add shutdown hook in 1 [size=1]
]]></system-err>
  </testcase>
</testsuite>